[NX Daemon Server] - 2024-06-06T19:04:40.575Z - Started listening on: /tmp/a7e3b071cbc03ce8626b/d.sock
[NX Daemon Server] - 2024-06-06T19:04:40.590Z - [WATCHER]: Subscribed to changes within: /Restore/modules/libs (native)
[NX Daemon Server] - 2024-06-06T19:04:40.595Z - Established a connection. Number of open connections: 1
[NX Daemon Server] - 2024-06-06T19:04:40.599Z - Established a connection. Number of open connections: 2
[NX Daemon Server] - 2024-06-06T19:04:40.606Z - Closed a connection. Number of open connections: 1
[NX Daemon Server] - 2024-06-06T19:04:40.615Z - [REQUEST]: Responding to the client. handleGlob
[NX Daemon Server] - 2024-06-06T19:04:40.617Z - Done responding to the client handleGlob
[NX Daemon Server] - 2024-06-06T19:04:40.618Z - Handled GLOB. Handling time: 5. Response time: 3.
[NX Daemon Server] - 2024-06-06T19:04:40.849Z - [REQUEST]: Responding to the client. handleNxWorkspaceFiles
[NX Daemon Server] - 2024-06-06T19:04:40.850Z - Done responding to the client handleNxWorkspaceFiles
[NX Daemon Server] - 2024-06-06T19:04:40.851Z - Handled GET_NX_WORKSPACE_FILES. Handling time: 6. Response time: 2.
[NX Daemon Server] - 2024-06-06T19:04:41.562Z - Closed a connection. Number of open connections: 0
[NX Daemon Server] - 2024-06-06T19:04:42.862Z - [WATCHER]: Processing file changes in outputs
[NX Daemon Server] - 2024-06-06T19:04:42.973Z - [WATCHER]: package.json was modified
[NX Daemon Server] - 2024-06-06T19:04:43.197Z - [REQUEST]: Updated workspace context based on watched changes, recomputing project graph...
[NX Daemon Server] - 2024-06-06T19:04:43.198Z - [REQUEST]: package.json
[NX Daemon Server] - 2024-06-06T19:04:43.198Z - [REQUEST]: 
[NX Daemon Server] - 2024-06-06T19:04:43.837Z - Time taken for 'Load Nx Plugin: /Restore/modules/libs/node_modules/nx/src/plugins/project-json/build-nodes/package-json-next-to-project-json' 97.63881200000014ms
[NX Daemon Server] - 2024-06-06T19:04:44.743Z - [WATCHER]: .nx/workspace-data/d/server-process.json was modified
[NX Daemon Server] - 2024-06-06T19:04:44.746Z - [WATCHER]: Stopping the watcher for /Restore/modules/libs (sources)
[NX Daemon Server] - 2024-06-06T19:04:44.747Z - [WATCHER]: Stopping the watcher for /Restore/modules/libs (outputs)
[NX Daemon Server] - 2024-06-06T19:04:44.748Z - Server stopped because: "this process is no longer the current daemon (native)"
[NX Daemon Server] - 2024-06-06T19:42:13.286Z - Started listening on: /tmp/a7e3b071cbc03ce8626b/d.sock
[NX Daemon Server] - 2024-06-06T19:42:13.295Z - [WATCHER]: Subscribed to changes within: /Restore/modules/libs (native)
[NX Daemon Server] - 2024-06-06T19:42:13.299Z - Established a connection. Number of open connections: 1
[NX Daemon Server] - 2024-06-06T19:42:13.302Z - Established a connection. Number of open connections: 2
[NX Daemon Server] - 2024-06-06T19:42:13.308Z - Closed a connection. Number of open connections: 1
[NX Daemon Server] - 2024-06-06T19:42:13.315Z - [REQUEST]: Responding to the client. handleGlob
[NX Daemon Server] - 2024-06-06T19:42:13.316Z - Done responding to the client handleGlob
[NX Daemon Server] - 2024-06-06T19:42:13.316Z - Handled GLOB. Handling time: 4. Response time: 1.
[NX Daemon Server] - 2024-06-06T19:42:13.482Z - [REQUEST]: Responding to the client. handleNxWorkspaceFiles
[NX Daemon Server] - 2024-06-06T19:42:13.483Z - Done responding to the client handleNxWorkspaceFiles
[NX Daemon Server] - 2024-06-06T19:42:13.483Z - Handled GET_NX_WORKSPACE_FILES. Handling time: 5. Response time: 1.
[NX Daemon Server] - 2024-06-06T19:42:13.628Z - Closed a connection. Number of open connections: 0
[NX Daemon Server] - 2024-06-07T05:03:36.274Z - Started listening on: /tmp/a7e3b071cbc03ce8626b/d.sock
[NX Daemon Server] - 2024-06-07T05:03:36.312Z - [WATCHER]: Subscribed to changes within: /Restore/modules/libs (native)
[NX Daemon Server] - 2024-06-07T05:03:36.326Z - Established a connection. Number of open connections: 1
[NX Daemon Server] - 2024-06-07T05:03:36.338Z - Established a connection. Number of open connections: 2
[NX Daemon Server] - 2024-06-07T05:03:36.352Z - Closed a connection. Number of open connections: 1
[NX Daemon Server] - 2024-06-07T05:03:36.382Z - [REQUEST]: Responding to the client. handleGlob
[NX Daemon Server] - 2024-06-07T05:03:36.387Z - Done responding to the client handleGlob
[NX Daemon Server] - 2024-06-07T05:03:36.388Z - Handled GLOB. Handling time: 14. Response time: 7.
[NX Daemon Server] - 2024-06-07T05:03:37.006Z - [REQUEST]: Responding to the client. handleNxWorkspaceFiles
[NX Daemon Server] - 2024-06-07T05:03:37.009Z - Done responding to the client handleNxWorkspaceFiles
[NX Daemon Server] - 2024-06-07T05:03:37.010Z - Handled GET_NX_WORKSPACE_FILES. Handling time: 12. Response time: 5.
[NX Daemon Server] - 2024-06-07T05:03:38.202Z - Closed a connection. Number of open connections: 0
[NX Daemon Server] - 2024-06-07T05:03:42.433Z - [WATCHER]: Processing file changes in outputs
[NX Daemon Server] - 2024-06-07T05:03:42.442Z - [WATCHER]: package-lock.json was modified
[NX Daemon Server] - 2024-06-07T05:03:42.612Z - [REQUEST]: Updated workspace context based on watched changes, recomputing project graph...
[NX Daemon Server] - 2024-06-07T05:03:42.612Z - [REQUEST]: package-lock.json
[NX Daemon Server] - 2024-06-07T05:03:42.612Z - [REQUEST]: 
[NX Daemon Server] - 2024-06-07T05:03:42.965Z - Time taken for 'Load Nx Plugin: /Restore/modules/libs/node_modules/nx/src/plugins/project-json/build-nodes/package-json-next-to-project-json' 56.38205000000016ms
[NX Daemon Server] - 2024-06-07T05:10:56.867Z - [WATCHER]: package-lock.json was modified
[NX Daemon Server] - 2024-06-07T05:10:56.870Z - [WATCHER]: Processing file changes in outputs
[NX Daemon Server] - 2024-06-07T05:10:57.072Z - [REQUEST]: Updated workspace context based on watched changes, recomputing project graph...
[NX Daemon Server] - 2024-06-07T05:10:57.072Z - [REQUEST]: package-lock.json
[NX Daemon Server] - 2024-06-07T05:10:57.072Z - [REQUEST]: 
[NX Daemon Server] - 2024-06-07T05:10:57.253Z - Time taken for 'hash changed files from watcher' 2.2636819999897853ms
[NX Daemon Server] - 2024-06-07T05:12:10.517Z - [WATCHER]: packages/cluster-service/package.json was modified
[NX Daemon Server] - 2024-06-07T05:12:10.518Z - [WATCHER]: Processing file changes in outputs
[NX Daemon Server] - 2024-06-07T05:12:10.924Z - [REQUEST]: Updated workspace context based on watched changes, recomputing project graph...
[NX Daemon Server] - 2024-06-07T05:12:10.925Z - [REQUEST]: packages/cluster-service/package.json
[NX Daemon Server] - 2024-06-07T05:12:10.926Z - [REQUEST]: 
[NX Daemon Server] - 2024-06-07T05:12:11.516Z - Time taken for 'hash changed files from watcher' 4.657315999967977ms
[NX Daemon Server] - 2024-06-07T05:12:36.827Z - [WATCHER]: package-lock.json was modified
[NX Daemon Server] - 2024-06-07T05:12:36.829Z - [WATCHER]: Processing file changes in outputs
[NX Daemon Server] - 2024-06-07T05:12:37.632Z - [REQUEST]: Updated workspace context based on watched changes, recomputing project graph...
[NX Daemon Server] - 2024-06-07T05:12:37.632Z - [REQUEST]: package-lock.json
[NX Daemon Server] - 2024-06-07T05:12:37.632Z - [REQUEST]: 
[NX Daemon Server] - 2024-06-07T05:12:37.790Z - Time taken for 'hash changed files from watcher' 2.0940750000299886ms
[NX Daemon Server] - 2024-06-07T06:10:58.830Z - [WATCHER]: package-lock.json was modified
[NX Daemon Server] - 2024-06-07T06:10:58.831Z - [WATCHER]: Processing file changes in outputs
[NX Daemon Server] - 2024-06-07T06:11:00.436Z - [REQUEST]: Updated workspace context based on watched changes, recomputing project graph...
[NX Daemon Server] - 2024-06-07T06:11:00.436Z - [REQUEST]: package-lock.json
[NX Daemon Server] - 2024-06-07T06:11:00.436Z - [REQUEST]: 
[NX Daemon Server] - 2024-06-07T06:11:00.615Z - Time taken for 'hash changed files from watcher' 2.4080810002051294ms
[NX Daemon Server] - 2024-06-07T06:15:05.399Z - [WATCHER]: package-lock.json was modified
[NX Daemon Server] - 2024-06-07T06:15:05.401Z - [WATCHER]: Processing file changes in outputs
[NX Daemon Server] - 2024-06-07T06:15:08.606Z - [REQUEST]: Updated workspace context based on watched changes, recomputing project graph...
[NX Daemon Server] - 2024-06-07T06:15:08.606Z - [REQUEST]: package-lock.json
[NX Daemon Server] - 2024-06-07T06:15:08.606Z - [REQUEST]: 
[NX Daemon Server] - 2024-06-07T06:15:08.829Z - Time taken for 'hash changed files from watcher' 2.769597999751568ms
[NX Daemon Server] - 2024-06-07T06:15:46.512Z - [WATCHER]: Processing file changes in outputs
[NX Daemon Server] - 2024-06-07T06:15:46.513Z - [WATCHER]: Stopping the watcher for /Restore/modules/libs (sources)
[NX Daemon Server] - 2024-06-07T06:15:46.513Z - [WATCHER]: Stopping the watcher for /Restore/modules/libs (outputs)
[NX Daemon Server] - 2024-06-07T06:15:46.513Z - Server stopped because: "LOCK_FILES_CHANGED"
[NX Daemon Server] - 2024-06-07T06:59:15.026Z - Started listening on: /tmp/a7e3b071cbc03ce8626b/d.sock
[NX Daemon Server] - 2024-06-07T06:59:15.034Z - [WATCHER]: Subscribed to changes within: /Restore/modules/libs (native)
[NX Daemon Server] - 2024-06-07T06:59:15.039Z - Established a connection. Number of open connections: 1
[NX Daemon Server] - 2024-06-07T06:59:15.042Z - Established a connection. Number of open connections: 2
[NX Daemon Server] - 2024-06-07T06:59:15.047Z - Closed a connection. Number of open connections: 1
[NX Daemon Server] - 2024-06-07T06:59:15.050Z - [REQUEST]: Client Request for Project Graph Received
[NX Daemon Server] - 2024-06-07T06:59:15.084Z - [REQUEST]: Updated workspace context based on watched changes, recomputing project graph...
[NX Daemon Server] - 2024-06-07T06:59:15.084Z - [REQUEST]: 
[NX Daemon Server] - 2024-06-07T06:59:15.085Z - [REQUEST]: 
[NX Daemon Server] - 2024-06-07T06:59:15.680Z - [REQUEST]: Responding to the client. project-graph
[NX Daemon Server] - 2024-06-07T06:59:15.685Z - Time taken for 'total for creating and serializing project graph' 630.1285930000001ms
[NX Daemon Server] - 2024-06-07T06:59:15.689Z - Done responding to the client project-graph
[NX Daemon Server] - 2024-06-07T06:59:15.690Z - Handled REQUEST_PROJECT_GRAPH. Handling time: 631. Response time: 10.
[NX Daemon Server] - 2024-06-07T06:59:15.898Z - [REQUEST]: Responding to the client. handleHashTasks
[NX Daemon Server] - 2024-06-07T06:59:15.901Z - Done responding to the client handleHashTasks
[NX Daemon Server] - 2024-06-07T06:59:15.901Z - Handled HASH_TASKS. Handling time: 157. Response time: 3.
[NX Daemon Server] - 2024-06-07T06:59:27.056Z - [WATCHER]: Processing file changes in outputs
[NX Daemon Server] - 2024-06-07T06:59:27.108Z - [WATCHER]: Processing file changes in outputs
[NX Daemon Server] - 2024-06-07T06:59:27.212Z - [WATCHER]: Processing file changes in outputs
[NX Daemon Server] - 2024-06-07T06:59:27.265Z - [WATCHER]: Processing file changes in outputs
[NX Daemon Server] - 2024-06-07T06:59:27.348Z - [REQUEST]: Responding to the client. recordOutputsHash
[NX Daemon Server] - 2024-06-07T06:59:27.349Z - Done responding to the client recordOutputsHash
[NX Daemon Server] - 2024-06-07T06:59:27.349Z - Handled RECORD_OUTPUTS_HASH. Handling time: 2. Response time: 1.
[NX Daemon Server] - 2024-06-07T06:59:27.953Z - [WATCHER]: Processing file changes in outputs
[NX Daemon Server] - 2024-06-07T06:59:28.028Z - [REQUEST]: Responding to the client. recordOutputsHash
[NX Daemon Server] - 2024-06-07T06:59:28.029Z - Done responding to the client recordOutputsHash
[NX Daemon Server] - 2024-06-07T06:59:28.029Z - Handled RECORD_OUTPUTS_HASH. Handling time: 0. Response time: 1.
[NX Daemon Server] - 2024-06-07T06:59:31.449Z - [WATCHER]: Processing file changes in outputs
[NX Daemon Server] - 2024-06-07T06:59:31.513Z - [WATCHER]: Processing file changes in outputs
[NX Daemon Server] - 2024-06-07T06:59:31.567Z - [WATCHER]: Processing file changes in outputs
[NX Daemon Server] - 2024-06-07T06:59:31.655Z - [WATCHER]: Processing file changes in outputs
[NX Daemon Server] - 2024-06-07T06:59:31.747Z - [WATCHER]: Processing file changes in outputs
[NX Daemon Server] - 2024-06-07T06:59:32.013Z - [REQUEST]: Responding to the client. recordOutputsHash
[NX Daemon Server] - 2024-06-07T06:59:32.015Z - Done responding to the client recordOutputsHash
[NX Daemon Server] - 2024-06-07T06:59:32.015Z - Handled RECORD_OUTPUTS_HASH. Handling time: 4. Response time: 3.
[NX Daemon Server] - 2024-06-07T06:59:33.676Z - [WATCHER]: Processing file changes in outputs
[NX Daemon Server] - 2024-06-07T06:59:33.772Z - [REQUEST]: Responding to the client. recordOutputsHash
[NX Daemon Server] - 2024-06-07T06:59:33.772Z - Done responding to the client recordOutputsHash
[NX Daemon Server] - 2024-06-07T06:59:33.773Z - Handled RECORD_OUTPUTS_HASH. Handling time: 2. Response time: 1.
[NX Daemon Server] - 2024-06-07T06:59:42.011Z - [WATCHER]: Processing file changes in outputs
[NX Daemon Server] - 2024-06-07T06:59:42.077Z - [WATCHER]: Processing file changes in outputs
[NX Daemon Server] - 2024-06-07T06:59:42.226Z - [REQUEST]: Responding to the client. recordOutputsHash
[NX Daemon Server] - 2024-06-07T06:59:42.227Z - Done responding to the client recordOutputsHash
[NX Daemon Server] - 2024-06-07T06:59:42.227Z - Handled RECORD_OUTPUTS_HASH. Handling time: 1. Response time: 1.
[NX Daemon Server] - 2024-06-07T06:59:51.911Z - [WATCHER]: Processing file changes in outputs
[NX Daemon Server] - 2024-06-07T06:59:51.964Z - [WATCHER]: Processing file changes in outputs
[NX Daemon Server] - 2024-06-07T06:59:52.059Z - [REQUEST]: Responding to the client. recordOutputsHash
[NX Daemon Server] - 2024-06-07T06:59:52.059Z - Done responding to the client recordOutputsHash
[NX Daemon Server] - 2024-06-07T06:59:52.060Z - Handled RECORD_OUTPUTS_HASH. Handling time: 2. Response time: 1.
[NX Daemon Server] - 2024-06-07T06:59:53.298Z - [WATCHER]: 71 file(s) created or restored, 0 file(s) modified, 0 file(s) deleted
[NX Daemon Server] - 2024-06-07T06:59:53.304Z - [WATCHER]: Processing file changes in outputs
[NX Daemon Server] - 2024-06-07T06:59:53.410Z - [REQUEST]: Updated workspace context based on watched changes, recomputing project graph...
[NX Daemon Server] - 2024-06-07T06:59:53.411Z - [REQUEST]: packages/rc-grpc-clients/src/generated/io/restorecommerce/fulfillment.ts,packages/rc-grpc-clients/src/generated/io/restorecommerce/auth.ts,packages/rc-grpc-clients/src/generated/io/restorecommerce/customer.ts,packages/rc-grpc-clients/src/generated/io/restorecommerce/product_category.ts,packages/rc-grpc-clients/src/generated/test/test.ts,packages/rc-grpc-clients/src/generated/io/restorecommerce/address.ts,packages/rc-grpc-clients/src/generated/io/restorecommerce/policy.ts,packages/rc-grpc-clients/src/generated/io/restorecommerce/rendering.ts,packages/rc-grpc-clients/src/generated/io/restorecommerce/tax_type.ts,packages/rc-grpc-clients/src/generated/io/restorecommerce/product.ts,packages/rc-grpc-clients/src/generated/io/restorecommerce/fulfillment_courier.ts,packages/rc-grpc-clients/src/generated/io/restorecommerce/locale.ts,packages/rc-grpc-clients/src/generated/io/restorecommerce/notification_req.ts,packages/rc-grpc-clients/src/generated/io/restorecommerce/unit_code.ts,packages/rc-grpc-clients/src/generated/io/restorecommerce/commandinterface.ts,packages/rc-grpc-clients/src/generated/io/restorecommerce/amount.ts,packages/rc-grpc-clients/src/generated/io/restorecommerce/price_group.ts,packages/rc-grpc-clients/src/generated/io/restorecommerce/invoice.ts,packages/rc-grpc-clients/src/generated/io/restorecommerce/resource_base.ts,packages/rc-grpc-clients/src/generated/google/protobuf/wrappers.ts,packages/rc-grpc-clients/src/generated/io/restorecommerce/search.ts,packages/rc-grpc-clients/src/generated/io/restorecommerce/credential.ts,packages/rc-grpc-clients/src/generated/io/restorecommerce/notification_channel.ts,packages/rc-grpc-clients/src/generated/grpc/reflection/v1alpha/reflection.ts,packages/rc-grpc-clients/src/generated/io/restorecommerce/pdf_rendering.ts,packages/rc-grpc-clients/src/generated/io/restorecommerce/contact_point.ts,packages/rc-grpc-clients/src/generated/io/restorecommerce/policy_set.ts,packages/rc-grpc-clients/src/generated/io/restorecommerce/oauth.ts,packages/rc-grpc-clients/src/generated/io/restorecommerce/token.ts,packages/rc-grpc-clients/src/generated/io/restorecommerce/meta.ts,packages/rc-grpc-clients/src/generated/google/protobuf/any.ts,packages/rc-grpc-clients/src/generated/io/restorecommerce/price.ts,packages/rc-grpc-clients/src/generated/io/restorecommerce/contact_point_type.ts,packages/rc-grpc-clients/src/generated/google/protobuf/descriptor.ts,packages/rc-grpc-clients/src/generated/io/restorecommerce/job.ts,packages/rc-grpc-clients/src/generated/io/restorecommerce/role.ts,packages/rc-grpc-clients/src/generated/io/restorecommerce/user.ts,packages/rc-grpc-clients/src/generated/io/restorecommerce/ostorage.ts,packages/rc-grpc-clients/src/generated/io/restorecommerce/order.ts,packages/rc-grpc-clients/src/generated/io/restorecommerce/currency.ts,packages/rc-grpc-clients/src/generated/io/restorecommerce/product_prototype.ts,packages/rc-grpc-clients/src/generated/io/restorecommerce/filter.ts,packages/rc-grpc-clients/src/generated/io/restorecommerce/attribute.ts,packages/rc-grpc-clients/src/generated/io/restorecommerce/authentication_log.ts,packages/rc-grpc-clients/src/generated/io/restorecommerce/fulfillment_product.ts,packages/rc-grpc-clients/src/generated/io/restorecommerce/geometry.ts,packages/rc-grpc-clients/src/generated/io/restorecommerce/manufacturer.ts,packages/rc-grpc-clients/src/generated/io/restorecommerce/command.ts,packages/rc-grpc-clients/src/generated/io/restorecommerce/options.ts,packages/rc-grpc-clients/src/generated/io/restorecommerce/payment.ts,packages/rc-grpc-clients/src/generated/io/restorecommerce/property.ts,packages/rc-grpc-clients/src/generated/io/restorecommerce/reference.ts,packages/rc-grpc-clients/src/generated/io/restorecommerce/rule.ts,packages/rc-grpc-clients/src/generated/io/restorecommerce/timezone.ts,packages/rc-grpc-clients/src/generated/io/restorecommerce/image.ts,packages/rc-grpc-clients/src/generated/io/restorecommerce/country.ts,packages/rc-grpc-clients/src/generated/io/restorecommerce/shop.ts,packages/rc-grpc-clients/src/generated/echo/echo.ts,packages/rc-grpc-clients/src/generated/io/restorecommerce/template.ts,packages/rc-grpc-clients/src/generated/io/restorecommerce/access_control.ts,packages/rc-grpc-clients/src/generated/google/protobuf/timestamp.ts,packages/rc-grpc-clients/src/generated/io/restorecommerce/notification.ts,packages/rc-grpc-clients/src/generated/grpc/health/v1/health.ts,packages/rc-grpc-clients/src/generated/io/restorecommerce/file.ts,packages/rc-grpc-clients/src/generated/io/restorecommerce/status.ts,packages/rc-grpc-clients/src/generated/io/restorecommerce/organization.ts,packages/rc-grpc-clients/src/generated/io/restorecommerce/location.ts,packages/rc-grpc-clients/src/generated/google/protobuf/empty.ts,packages/rc-grpc-clients/src/generated/io/restorecommerce/tax.ts,packages/rc-grpc-clients/src/generated/io/restorecommerce/payment_method.ts,packages/rc-grpc-clients/src/generated/io/restorecommerce/graph.ts
[NX Daemon Server] - 2024-06-07T06:59:53.411Z - [REQUEST]: 
[NX Daemon Server] - 2024-06-07T06:59:53.684Z - Time taken for 'hash changed files from watcher' 5.212391999993997ms
[NX Daemon Server] - 2024-06-07T06:59:54.019Z - [WATCHER]: Processing file changes in outputs
[NX Daemon Server] - 2024-06-07T06:59:54.106Z - [WATCHER]: Processing file changes in outputs
[NX Daemon Server] - 2024-06-07T06:59:54.190Z - [WATCHER]: Processing file changes in outputs
[NX Daemon Server] - 2024-06-07T06:59:54.291Z - [REQUEST]: Responding to the client. recordOutputsHash
[NX Daemon Server] - 2024-06-07T06:59:54.292Z - Done responding to the client recordOutputsHash
[NX Daemon Server] - 2024-06-07T06:59:54.292Z - Handled RECORD_OUTPUTS_HASH. Handling time: 1. Response time: 1.
[NX Daemon Server] - 2024-06-07T06:59:57.120Z - [REQUEST]: Responding to the client. recordOutputsHash
[NX Daemon Server] - 2024-06-07T06:59:57.120Z - Done responding to the client recordOutputsHash
[NX Daemon Server] - 2024-06-07T06:59:57.120Z - Handled RECORD_OUTPUTS_HASH. Handling time: 3. Response time: 0.
[NX Daemon Server] - 2024-06-07T07:00:02.214Z - [WATCHER]: 71 file(s) created or restored, 0 file(s) modified, 0 file(s) deleted
[NX Daemon Server] - 2024-06-07T07:00:02.217Z - [WATCHER]: Processing file changes in outputs
[NX Daemon Server] - 2024-06-07T07:00:02.324Z - [REQUEST]: Updated workspace context based on watched changes, recomputing project graph...
[NX Daemon Server] - 2024-06-07T07:00:02.324Z - [REQUEST]: packages/rc-grpc-clients/src/generated-server/io/restorecommerce/pdf_rendering.ts,packages/rc-grpc-clients/src/generated-server/io/restorecommerce/amount.ts,packages/rc-grpc-clients/src/generated-server/io/restorecommerce/role.ts,packages/rc-grpc-clients/src/generated-server/test/test.ts,packages/rc-grpc-clients/src/generated-server/io/restorecommerce/authentication_log.ts,packages/rc-grpc-clients/src/generated-server/io/restorecommerce/user.ts,packages/rc-grpc-clients/src/generated-server/io/restorecommerce/ostorage.ts,packages/rc-grpc-clients/src/generated-server/io/restorecommerce/notification_req.ts,packages/rc-grpc-clients/src/generated-server/io/restorecommerce/payment_method.ts,packages/rc-grpc-clients/src/generated-server/io/restorecommerce/rendering.ts,packages/rc-grpc-clients/src/generated-server/google/protobuf/descriptor.ts,packages/rc-grpc-clients/src/generated-server/io/restorecommerce/tax.ts,packages/rc-grpc-clients/src/generated-server/io/restorecommerce/contact_point_type.ts,packages/rc-grpc-clients/src/generated-server/io/restorecommerce/unit_code.ts,packages/rc-grpc-clients/src/generated-server/io/restorecommerce/contact_point.ts,packages/rc-grpc-clients/src/generated-server/io/restorecommerce/timezone.ts,packages/rc-grpc-clients/src/generated-server/io/restorecommerce/geometry.ts,packages/rc-grpc-clients/src/generated-server/io/restorecommerce/currency.ts,packages/rc-grpc-clients/src/generated-server/io/restorecommerce/resource_base.ts,packages/rc-grpc-clients/src/generated-server/google/protobuf/wrappers.ts,packages/rc-grpc-clients/src/generated-server/io/restorecommerce/job.ts,packages/rc-grpc-clients/src/generated-server/io/restorecommerce/price.ts,packages/rc-grpc-clients/src/generated-server/io/restorecommerce/policy.ts,packages/rc-grpc-clients/src/generated-server/io/restorecommerce/product_category.ts,packages/rc-grpc-clients/src/generated-server/io/restorecommerce/product_prototype.ts,packages/rc-grpc-clients/src/generated-server/io/restorecommerce/notification_channel.ts,packages/rc-grpc-clients/src/generated-server/io/restorecommerce/price_group.ts,packages/rc-grpc-clients/src/generated-server/io/restorecommerce/command.ts,packages/rc-grpc-clients/src/generated-server/io/restorecommerce/invoice.ts,packages/rc-grpc-clients/src/generated-server/io/restorecommerce/customer.ts,packages/rc-grpc-clients/src/generated-server/io/restorecommerce/rule.ts,packages/rc-grpc-clients/src/generated-server/io/restorecommerce/location.ts,packages/rc-grpc-clients/src/generated-server/io/restorecommerce/payment.ts,packages/rc-grpc-clients/src/generated-server/io/restorecommerce/fulfillment.ts,packages/rc-grpc-clients/src/generated-server/google/protobuf/any.ts,packages/rc-grpc-clients/src/generated-server/io/restorecommerce/attribute.ts,packages/rc-grpc-clients/src/generated-server/io/restorecommerce/reference.ts,packages/rc-grpc-clients/src/generated-server/io/restorecommerce/template.ts,packages/rc-grpc-clients/src/generated-server/io/restorecommerce/property.ts,packages/rc-grpc-clients/src/generated-server/io/restorecommerce/options.ts,packages/rc-grpc-clients/src/generated-server/io/restorecommerce/file.ts,packages/rc-grpc-clients/src/generated-server/io/restorecommerce/image.ts,packages/rc-grpc-clients/src/generated-server/io/restorecommerce/locale.ts,packages/rc-grpc-clients/src/generated-server/io/restorecommerce/meta.ts,packages/rc-grpc-clients/src/generated-server/io/restorecommerce/graph.ts,packages/rc-grpc-clients/src/generated-server/grpc/reflection/v1alpha/reflection.ts,packages/rc-grpc-clients/src/generated-server/io/restorecommerce/notification.ts,packages/rc-grpc-clients/src/generated-server/io/restorecommerce/oauth.ts,packages/rc-grpc-clients/src/generated-server/google/protobuf/empty.ts,packages/rc-grpc-clients/src/generated-server/io/restorecommerce/status.ts,packages/rc-grpc-clients/src/generated-server/io/restorecommerce/manufacturer.ts,packages/rc-grpc-clients/src/generated-server/io/restorecommerce/country.ts,packages/rc-grpc-clients/src/generated-server/io/restorecommerce/credential.ts,packages/rc-grpc-clients/src/generated-server/io/restorecommerce/fulfillment_courier.ts,packages/rc-grpc-clients/src/generated-server/echo/echo.ts,packages/rc-grpc-clients/src/generated-server/io/restorecommerce/product.ts,packages/rc-grpc-clients/src/generated-server/io/restorecommerce/shop.ts,packages/rc-grpc-clients/src/generated-server/io/restorecommerce/token.ts,packages/rc-grpc-clients/src/generated-server/io/restorecommerce/search.ts,packages/rc-grpc-clients/src/generated-server/io/restorecommerce/fulfillment_product.ts,packages/rc-grpc-clients/src/generated-server/io/restorecommerce/commandinterface.ts,packages/rc-grpc-clients/src/generated-server/io/restorecommerce/auth.ts,packages/rc-grpc-clients/src/generated-server/io/restorecommerce/policy_set.ts,packages/rc-grpc-clients/src/generated-server/io/restorecommerce/filter.ts,packages/rc-grpc-clients/src/generated-server/io/restorecommerce/order.ts,packages/rc-grpc-clients/src/generated-server/google/protobuf/timestamp.ts,packages/rc-grpc-clients/src/generated-server/grpc/health/v1/health.ts,packages/rc-grpc-clients/src/generated-server/io/restorecommerce/organization.ts,packages/rc-grpc-clients/src/generated-server/io/restorecommerce/address.ts,packages/rc-grpc-clients/src/generated-server/io/restorecommerce/tax_type.ts,packages/rc-grpc-clients/src/generated-server/io/restorecommerce/access_control.ts
[NX Daemon Server] - 2024-06-07T07:00:02.324Z - [REQUEST]: 
[NX Daemon Server] - 2024-06-07T07:00:02.516Z - Time taken for 'hash changed files from watcher' 6.848558999998204ms
[NX Daemon Server] - 2024-06-07T07:00:05.718Z - [WATCHER]: Processing file changes in outputs
[NX Daemon Server] - 2024-06-07T07:00:05.721Z - [WATCHER]: 2 file(s) created or restored, 0 file(s) modified, 0 file(s) deleted
[NX Daemon Server] - 2024-06-07T07:00:05.790Z - [REQUEST]: Responding to the client. recordOutputsHash
[NX Daemon Server] - 2024-06-07T07:00:05.791Z - Done responding to the client recordOutputsHash
[NX Daemon Server] - 2024-06-07T07:00:05.791Z - Handled RECORD_OUTPUTS_HASH. Handling time: 1. Response time: 1.
[NX Daemon Server] - 2024-06-07T07:00:05.824Z - [REQUEST]: Updated workspace context based on watched changes, recomputing project graph...
[NX Daemon Server] - 2024-06-07T07:00:05.824Z - [REQUEST]: packages/mailer/lib/index.js,packages/mailer/lib/index.d.ts
[NX Daemon Server] - 2024-06-07T07:00:05.824Z - [REQUEST]: 
[NX Daemon Server] - 2024-06-07T07:00:05.988Z - Time taken for 'hash changed files from watcher' 2.420935999994981ms
[NX Daemon Server] - 2024-06-07T07:00:28.117Z - [WATCHER]: Processing file changes in outputs
[NX Daemon Server] - 2024-06-07T07:00:28.175Z - [WATCHER]: Processing file changes in outputs
[NX Daemon Server] - 2024-06-07T07:00:28.232Z - [WATCHER]: Processing file changes in outputs
[NX Daemon Server] - 2024-06-07T07:00:28.367Z - [WATCHER]: Processing file changes in outputs
[NX Daemon Server] - 2024-06-07T07:00:28.449Z - [WATCHER]: Processing file changes in outputs
[NX Daemon Server] - 2024-06-07T07:00:28.504Z - [WATCHER]: Processing file changes in outputs
[NX Daemon Server] - 2024-06-07T07:00:28.558Z - [WATCHER]: Processing file changes in outputs
[NX Daemon Server] - 2024-06-07T07:00:28.710Z - [WATCHER]: Processing file changes in outputs
[NX Daemon Server] - 2024-06-07T07:00:28.788Z - [WATCHER]: Processing file changes in outputs
[NX Daemon Server] - 2024-06-07T07:00:29.063Z - [WATCHER]: Processing file changes in outputs
[NX Daemon Server] - 2024-06-07T07:00:29.131Z - [WATCHER]: Processing file changes in outputs
[NX Daemon Server] - 2024-06-07T07:00:29.185Z - [WATCHER]: Processing file changes in outputs
[NX Daemon Server] - 2024-06-07T07:00:29.250Z - [WATCHER]: Processing file changes in outputs
[NX Daemon Server] - 2024-06-07T07:00:29.330Z - [WATCHER]: Processing file changes in outputs
[NX Daemon Server] - 2024-06-07T07:00:29.387Z - [WATCHER]: Processing file changes in outputs
[NX Daemon Server] - 2024-06-07T07:00:29.449Z - [WATCHER]: Processing file changes in outputs
[NX Daemon Server] - 2024-06-07T07:00:29.555Z - [WATCHER]: Processing file changes in outputs
[NX Daemon Server] - 2024-06-07T07:00:29.636Z - [WATCHER]: Processing file changes in outputs
[NX Daemon Server] - 2024-06-07T07:00:29.817Z - [WATCHER]: Processing file changes in outputs
[NX Daemon Server] - 2024-06-07T07:00:29.915Z - [WATCHER]: Processing file changes in outputs
[NX Daemon Server] - 2024-06-07T07:00:29.970Z - [WATCHER]: Processing file changes in outputs
[NX Daemon Server] - 2024-06-07T07:00:30.057Z - [WATCHER]: Processing file changes in outputs
[NX Daemon Server] - 2024-06-07T07:00:30.135Z - [WATCHER]: Processing file changes in outputs
[NX Daemon Server] - 2024-06-07T07:00:30.195Z - [WATCHER]: Processing file changes in outputs
[NX Daemon Server] - 2024-06-07T07:00:30.265Z - [WATCHER]: Processing file changes in outputs
[NX Daemon Server] - 2024-06-07T07:00:30.327Z - [WATCHER]: Processing file changes in outputs
[NX Daemon Server] - 2024-06-07T07:00:30.402Z - [WATCHER]: Processing file changes in outputs
[NX Daemon Server] - 2024-06-07T07:00:30.488Z - [WATCHER]: Processing file changes in outputs
[NX Daemon Server] - 2024-06-07T07:00:30.549Z - [WATCHER]: Processing file changes in outputs
[NX Daemon Server] - 2024-06-07T07:00:30.637Z - [WATCHER]: Processing file changes in outputs
[NX Daemon Server] - 2024-06-07T07:00:30.715Z - [WATCHER]: Processing file changes in outputs
[NX Daemon Server] - 2024-06-07T07:00:30.788Z - [WATCHER]: Processing file changes in outputs
[NX Daemon Server] - 2024-06-07T07:00:30.865Z - [WATCHER]: Processing file changes in outputs
[NX Daemon Server] - 2024-06-07T07:00:30.917Z - [WATCHER]: Processing file changes in outputs
[NX Daemon Server] - 2024-06-07T07:00:31.013Z - [WATCHER]: Processing file changes in outputs
[NX Daemon Server] - 2024-06-07T07:00:31.112Z - [WATCHER]: Processing file changes in outputs
[NX Daemon Server] - 2024-06-07T07:00:31.199Z - [WATCHER]: Processing file changes in outputs
[NX Daemon Server] - 2024-06-07T07:00:31.252Z - [WATCHER]: Processing file changes in outputs
[NX Daemon Server] - 2024-06-07T07:00:31.320Z - [WATCHER]: Processing file changes in outputs
[NX Daemon Server] - 2024-06-07T07:00:31.374Z - [WATCHER]: Processing file changes in outputs
[NX Daemon Server] - 2024-06-07T07:00:31.472Z - [WATCHER]: Processing file changes in outputs
[NX Daemon Server] - 2024-06-07T07:00:31.794Z - [WATCHER]: Processing file changes in outputs
[NX Daemon Server] - 2024-06-07T07:00:32.022Z - [WATCHER]: Processing file changes in outputs
[NX Daemon Server] - 2024-06-07T07:00:32.077Z - [WATCHER]: Processing file changes in outputs
[NX Daemon Server] - 2024-06-07T07:00:32.133Z - [WATCHER]: Processing file changes in outputs
[NX Daemon Server] - 2024-06-07T07:00:32.185Z - [WATCHER]: Processing file changes in outputs
[NX Daemon Server] - 2024-06-07T07:00:32.266Z - [WATCHER]: Processing file changes in outputs
[NX Daemon Server] - 2024-06-07T07:00:32.352Z - [WATCHER]: Processing file changes in outputs
[NX Daemon Server] - 2024-06-07T07:00:32.440Z - [WATCHER]: Processing file changes in outputs
[NX Daemon Server] - 2024-06-07T07:00:32.527Z - [WATCHER]: Processing file changes in outputs
[NX Daemon Server] - 2024-06-07T07:00:32.581Z - [WATCHER]: Processing file changes in outputs
[NX Daemon Server] - 2024-06-07T07:00:32.664Z - [WATCHER]: Processing file changes in outputs
[NX Daemon Server] - 2024-06-07T07:00:32.823Z - [WATCHER]: Processing file changes in outputs
[NX Daemon Server] - 2024-06-07T07:00:32.894Z - [WATCHER]: Processing file changes in outputs
[NX Daemon Server] - 2024-06-07T07:00:33.041Z - [WATCHER]: Processing file changes in outputs
[NX Daemon Server] - 2024-06-07T07:00:33.121Z - [WATCHER]: Processing file changes in outputs
[NX Daemon Server] - 2024-06-07T07:00:33.267Z - [WATCHER]: Processing file changes in outputs
[NX Daemon Server] - 2024-06-07T07:00:33.369Z - [WATCHER]: Processing file changes in outputs
[NX Daemon Server] - 2024-06-07T07:00:33.455Z - [WATCHER]: Processing file changes in outputs
[NX Daemon Server] - 2024-06-07T07:00:33.565Z - [WATCHER]: Processing file changes in outputs
[NX Daemon Server] - 2024-06-07T07:00:33.622Z - [WATCHER]: Processing file changes in outputs
[NX Daemon Server] - 2024-06-07T07:00:33.698Z - [WATCHER]: Processing file changes in outputs
[NX Daemon Server] - 2024-06-07T07:00:33.838Z - [WATCHER]: Processing file changes in outputs
[NX Daemon Server] - 2024-06-07T07:00:33.920Z - [WATCHER]: Processing file changes in outputs
[NX Daemon Server] - 2024-06-07T07:00:34.004Z - [WATCHER]: Processing file changes in outputs
[NX Daemon Server] - 2024-06-07T07:00:34.085Z - [WATCHER]: Processing file changes in outputs
[NX Daemon Server] - 2024-06-07T07:00:34.182Z - [WATCHER]: Processing file changes in outputs
[NX Daemon Server] - 2024-06-07T07:00:34.251Z - [WATCHER]: Processing file changes in outputs
[NX Daemon Server] - 2024-06-07T07:00:34.495Z - [WATCHER]: Processing file changes in outputs
[NX Daemon Server] - 2024-06-07T07:00:34.678Z - [WATCHER]: Processing file changes in outputs
[NX Daemon Server] - 2024-06-07T07:00:35.119Z - [WATCHER]: Processing file changes in outputs
[NX Daemon Server] - 2024-06-07T07:00:35.262Z - [WATCHER]: Processing file changes in outputs
[NX Daemon Server] - 2024-06-07T07:00:35.494Z - [WATCHER]: Processing file changes in outputs
[NX Daemon Server] - 2024-06-07T07:00:35.558Z - [WATCHER]: Processing file changes in outputs
[NX Daemon Server] - 2024-06-07T07:00:35.729Z - [WATCHER]: Processing file changes in outputs
[NX Daemon Server] - 2024-06-07T07:00:35.785Z - [WATCHER]: Processing file changes in outputs
[NX Daemon Server] - 2024-06-07T07:00:35.852Z - [WATCHER]: Processing file changes in outputs
[NX Daemon Server] - 2024-06-07T07:00:35.916Z - [WATCHER]: Processing file changes in outputs
[NX Daemon Server] - 2024-06-07T07:00:35.970Z - [WATCHER]: Processing file changes in outputs
[NX Daemon Server] - 2024-06-07T07:00:36.029Z - [WATCHER]: Processing file changes in outputs
[NX Daemon Server] - 2024-06-07T07:00:36.104Z - [WATCHER]: Processing file changes in outputs
[NX Daemon Server] - 2024-06-07T07:00:36.175Z - [WATCHER]: Processing file changes in outputs
[NX Daemon Server] - 2024-06-07T07:00:36.291Z - [WATCHER]: Processing file changes in outputs
[NX Daemon Server] - 2024-06-07T07:00:36.424Z - [WATCHER]: Processing file changes in outputs
[NX Daemon Server] - 2024-06-07T07:00:36.475Z - [WATCHER]: Processing file changes in outputs
[NX Daemon Server] - 2024-06-07T07:00:36.824Z - [WATCHER]: Processing file changes in outputs
[NX Daemon Server] - 2024-06-07T07:00:36.888Z - [WATCHER]: Processing file changes in outputs
[NX Daemon Server] - 2024-06-07T07:00:36.966Z - [WATCHER]: Processing file changes in outputs
[NX Daemon Server] - 2024-06-07T07:00:37.084Z - [WATCHER]: Processing file changes in outputs
[NX Daemon Server] - 2024-06-07T07:00:37.153Z - [WATCHER]: Processing file changes in outputs
[NX Daemon Server] - 2024-06-07T07:00:37.226Z - [WATCHER]: Processing file changes in outputs
[NX Daemon Server] - 2024-06-07T07:00:37.281Z - [WATCHER]: Processing file changes in outputs
[NX Daemon Server] - 2024-06-07T07:00:37.346Z - [WATCHER]: Processing file changes in outputs
[NX Daemon Server] - 2024-06-07T07:00:37.472Z - [WATCHER]: Processing file changes in outputs
[NX Daemon Server] - 2024-06-07T07:00:37.593Z - [WATCHER]: Processing file changes in outputs
[NX Daemon Server] - 2024-06-07T07:00:37.668Z - [WATCHER]: Processing file changes in outputs
[NX Daemon Server] - 2024-06-07T07:00:37.729Z - [WATCHER]: Processing file changes in outputs
[NX Daemon Server] - 2024-06-07T07:00:37.802Z - [WATCHER]: Processing file changes in outputs
[NX Daemon Server] - 2024-06-07T07:00:37.855Z - [WATCHER]: Processing file changes in outputs
[NX Daemon Server] - 2024-06-07T07:00:37.908Z - [WATCHER]: Processing file changes in outputs
[NX Daemon Server] - 2024-06-07T07:00:37.963Z - [WATCHER]: Processing file changes in outputs
[NX Daemon Server] - 2024-06-07T07:00:38.047Z - [WATCHER]: Processing file changes in outputs
[NX Daemon Server] - 2024-06-07T07:00:38.152Z - [WATCHER]: Processing file changes in outputs
[NX Daemon Server] - 2024-06-07T07:00:38.209Z - [WATCHER]: Processing file changes in outputs
[NX Daemon Server] - 2024-06-07T07:00:38.297Z - [WATCHER]: Processing file changes in outputs
[NX Daemon Server] - 2024-06-07T07:00:38.363Z - [WATCHER]: Processing file changes in outputs
[NX Daemon Server] - 2024-06-07T07:00:38.459Z - [WATCHER]: Processing file changes in outputs
[NX Daemon Server] - 2024-06-07T07:00:38.527Z - [WATCHER]: Processing file changes in outputs
[NX Daemon Server] - 2024-06-07T07:00:38.593Z - [WATCHER]: Processing file changes in outputs
[NX Daemon Server] - 2024-06-07T07:00:38.654Z - [WATCHER]: Processing file changes in outputs
[NX Daemon Server] - 2024-06-07T07:00:38.749Z - [WATCHER]: Processing file changes in outputs
[NX Daemon Server] - 2024-06-07T07:00:38.815Z - [WATCHER]: Processing file changes in outputs
[NX Daemon Server] - 2024-06-07T07:00:38.886Z - [WATCHER]: Processing file changes in outputs
[NX Daemon Server] - 2024-06-07T07:00:38.938Z - [WATCHER]: Processing file changes in outputs
[NX Daemon Server] - 2024-06-07T07:00:39.034Z - [WATCHER]: Processing file changes in outputs
[NX Daemon Server] - 2024-06-07T07:00:39.086Z - [WATCHER]: Processing file changes in outputs
[NX Daemon Server] - 2024-06-07T07:00:39.137Z - [WATCHER]: Processing file changes in outputs
[NX Daemon Server] - 2024-06-07T07:00:39.238Z - [WATCHER]: Processing file changes in outputs
[NX Daemon Server] - 2024-06-07T07:00:39.328Z - [WATCHER]: Processing file changes in outputs
[NX Daemon Server] - 2024-06-07T07:00:39.414Z - [WATCHER]: Processing file changes in outputs
[NX Daemon Server] - 2024-06-07T07:00:39.531Z - [WATCHER]: Processing file changes in outputs
[NX Daemon Server] - 2024-06-07T07:00:39.591Z - [WATCHER]: Processing file changes in outputs
[NX Daemon Server] - 2024-06-07T07:00:39.671Z - [WATCHER]: Processing file changes in outputs
[NX Daemon Server] - 2024-06-07T07:00:39.784Z - [WATCHER]: Processing file changes in outputs
[NX Daemon Server] - 2024-06-07T07:00:40.281Z - [WATCHER]: Processing file changes in outputs
[NX Daemon Server] - 2024-06-07T07:00:40.504Z - [WATCHER]: Processing file changes in outputs
[NX Daemon Server] - 2024-06-07T07:00:40.600Z - [WATCHER]: Processing file changes in outputs
[NX Daemon Server] - 2024-06-07T07:00:40.669Z - [WATCHER]: Processing file changes in outputs
[NX Daemon Server] - 2024-06-07T07:00:40.720Z - [WATCHER]: Processing file changes in outputs
[NX Daemon Server] - 2024-06-07T07:00:40.772Z - [WATCHER]: Processing file changes in outputs
[NX Daemon Server] - 2024-06-07T07:00:40.842Z - [WATCHER]: Processing file changes in outputs
[NX Daemon Server] - 2024-06-07T07:00:40.908Z - [WATCHER]: Processing file changes in outputs
[NX Daemon Server] - 2024-06-07T07:00:40.993Z - [WATCHER]: Processing file changes in outputs
[NX Daemon Server] - 2024-06-07T07:00:41.044Z - [WATCHER]: Processing file changes in outputs
[NX Daemon Server] - 2024-06-07T07:00:41.129Z - [WATCHER]: Processing file changes in outputs
[NX Daemon Server] - 2024-06-07T07:00:41.195Z - [WATCHER]: Processing file changes in outputs
[NX Daemon Server] - 2024-06-07T07:00:41.273Z - [WATCHER]: Processing file changes in outputs
[NX Daemon Server] - 2024-06-07T07:00:41.325Z - [WATCHER]: Processing file changes in outputs
[NX Daemon Server] - 2024-06-07T07:00:41.537Z - [WATCHER]: Processing file changes in outputs
[NX Daemon Server] - 2024-06-07T07:00:41.615Z - [WATCHER]: Processing file changes in outputs
[NX Daemon Server] - 2024-06-07T07:00:41.775Z - [WATCHER]: Processing file changes in outputs
[NX Daemon Server] - 2024-06-07T07:00:41.867Z - [WATCHER]: Processing file changes in outputs
[NX Daemon Server] - 2024-06-07T07:00:42.051Z - [WATCHER]: Processing file changes in outputs
[NX Daemon Server] - 2024-06-07T07:00:42.165Z - [WATCHER]: Processing file changes in outputs
[NX Daemon Server] - 2024-06-07T07:00:42.221Z - [WATCHER]: Processing file changes in outputs
[NX Daemon Server] - 2024-06-07T07:00:42.273Z - [WATCHER]: Processing file changes in outputs
[NX Daemon Server] - 2024-06-07T07:00:42.407Z - [WATCHER]: Processing file changes in outputs
[NX Daemon Server] - 2024-06-07T07:00:42.489Z - [WATCHER]: Processing file changes in outputs
[NX Daemon Server] - 2024-06-07T07:00:42.585Z - [WATCHER]: Processing file changes in outputs
[NX Daemon Server] - 2024-06-07T07:00:42.766Z - [WATCHER]: Processing file changes in outputs
[NX Daemon Server] - 2024-06-07T07:00:42.818Z - [WATCHER]: Processing file changes in outputs
[NX Daemon Server] - 2024-06-07T07:00:42.911Z - [WATCHER]: Processing file changes in outputs
[NX Daemon Server] - 2024-06-07T07:00:43.005Z - [WATCHER]: Processing file changes in outputs
[NX Daemon Server] - 2024-06-07T07:00:43.088Z - [WATCHER]: Processing file changes in outputs
[NX Daemon Server] - 2024-06-07T07:00:43.141Z - [WATCHER]: Processing file changes in outputs
[NX Daemon Server] - 2024-06-07T07:00:43.199Z - [WATCHER]: Processing file changes in outputs
[NX Daemon Server] - 2024-06-07T07:00:43.367Z - [WATCHER]: Processing file changes in outputs
[NX Daemon Server] - 2024-06-07T07:00:43.494Z - [WATCHER]: Processing file changes in outputs
[NX Daemon Server] - 2024-06-07T07:00:43.697Z - [WATCHER]: Processing file changes in outputs
[NX Daemon Server] - 2024-06-07T07:00:43.771Z - [WATCHER]: Processing file changes in outputs
[NX Daemon Server] - 2024-06-07T07:00:43.934Z - [WATCHER]: Processing file changes in outputs
[NX Daemon Server] - 2024-06-07T07:00:44.133Z - [WATCHER]: Processing file changes in outputs
[NX Daemon Server] - 2024-06-07T07:00:44.213Z - [WATCHER]: Processing file changes in outputs
[NX Daemon Server] - 2024-06-07T07:00:44.309Z - [WATCHER]: Processing file changes in outputs
[NX Daemon Server] - 2024-06-07T07:00:44.362Z - [WATCHER]: Processing file changes in outputs
[NX Daemon Server] - 2024-06-07T07:00:44.416Z - [WATCHER]: Processing file changes in outputs
[NX Daemon Server] - 2024-06-07T07:00:44.478Z - [WATCHER]: Processing file changes in outputs
[NX Daemon Server] - 2024-06-07T07:00:44.532Z - [WATCHER]: Processing file changes in outputs
[NX Daemon Server] - 2024-06-07T07:00:44.663Z - [WATCHER]: Processing file changes in outputs
[NX Daemon Server] - 2024-06-07T07:00:44.766Z - [WATCHER]: Processing file changes in outputs
[NX Daemon Server] - 2024-06-07T07:00:45.000Z - [REQUEST]: Responding to the client. recordOutputsHash
[NX Daemon Server] - 2024-06-07T07:00:45.000Z - Done responding to the client recordOutputsHash
[NX Daemon Server] - 2024-06-07T07:00:45.000Z - Handled RECORD_OUTPUTS_HASH. Handling time: 13. Response time: 0.
[NX Daemon Server] - 2024-06-07T07:01:03.037Z - [WATCHER]: Processing file changes in outputs
[NX Daemon Server] - 2024-06-07T07:01:03.228Z - [WATCHER]: Processing file changes in outputs
[NX Daemon Server] - 2024-06-07T07:01:03.280Z - [WATCHER]: Processing file changes in outputs
[NX Daemon Server] - 2024-06-07T07:01:03.388Z - [REQUEST]: Responding to the client. recordOutputsHash
[NX Daemon Server] - 2024-06-07T07:01:03.388Z - Done responding to the client recordOutputsHash
[NX Daemon Server] - 2024-06-07T07:01:03.388Z - Handled RECORD_OUTPUTS_HASH. Handling time: 1. Response time: 0.
[NX Daemon Server] - 2024-06-07T07:01:18.415Z - [WATCHER]: Processing file changes in outputs
[NX Daemon Server] - 2024-06-07T07:01:18.503Z - [WATCHER]: Processing file changes in outputs
[NX Daemon Server] - 2024-06-07T07:01:18.567Z - [WATCHER]: Processing file changes in outputs
[NX Daemon Server] - 2024-06-07T07:01:18.672Z - [REQUEST]: Responding to the client. recordOutputsHash
[NX Daemon Server] - 2024-06-07T07:01:18.673Z - Done responding to the client recordOutputsHash
[NX Daemon Server] - 2024-06-07T07:01:18.673Z - Handled RECORD_OUTPUTS_HASH. Handling time: 22. Response time: 1.
[NX Daemon Server] - 2024-06-07T07:01:18.696Z - Closed a connection. Number of open connections: 0
[NX Daemon Server] - 2024-06-07T07:02:34.556Z - [WATCHER]: package-lock.json was modified
[NX Daemon Server] - 2024-06-07T07:02:34.557Z - [WATCHER]: Processing file changes in outputs
[NX Daemon Server] - 2024-06-07T07:02:34.760Z - [REQUEST]: Updated workspace context based on watched changes, recomputing project graph...
[NX Daemon Server] - 2024-06-07T07:02:34.760Z - [REQUEST]: package-lock.json
[NX Daemon Server] - 2024-06-07T07:02:34.760Z - [REQUEST]: 
[NX Daemon Server] - 2024-06-07T07:02:34.899Z - Time taken for 'hash changed files from watcher' 2.822369000001345ms
[NX Daemon Server] - 2024-06-07T07:03:03.598Z - [WATCHER]: Processing file changes in outputs
[NX Daemon Server] - 2024-06-07T07:03:36.320Z - Established a connection. Number of open connections: 1
[NX Daemon Server] - 2024-06-07T07:03:36.322Z - Closed a connection. Number of open connections: 0
[NX Daemon Server] - 2024-06-07T07:03:36.324Z - Established a connection. Number of open connections: 1
[NX Daemon Server] - 2024-06-07T07:03:36.329Z - [REQUEST]: Client Request for Project Graph Received
[NX Daemon Server] - 2024-06-07T07:03:36.329Z - [REQUEST]: Responding to the client. project-graph
[NX Daemon Server] - 2024-06-07T07:03:36.333Z - Time taken for 'total for creating and serializing project graph' 0.28187700000125915ms
[NX Daemon Server] - 2024-06-07T07:03:36.337Z - Done responding to the client project-graph
[NX Daemon Server] - 2024-06-07T07:03:36.338Z - Handled REQUEST_PROJECT_GRAPH. Handling time: 0. Response time: 9.
[NX Daemon Server] - 2024-06-07T07:03:36.496Z - [REQUEST]: Responding to the client. handleHashTasks
[NX Daemon Server] - 2024-06-07T07:03:36.499Z - Done responding to the client handleHashTasks
[NX Daemon Server] - 2024-06-07T07:03:36.500Z - Handled HASH_TASKS. Handling time: 119. Response time: 4.
[NX Daemon Server] - 2024-06-07T07:03:48.388Z - [WATCHER]: Processing file changes in outputs
[NX Daemon Server] - 2024-06-07T07:03:49.368Z - [WATCHER]: Processing file changes in outputs
[NX Daemon Server] - 2024-06-07T07:03:49.510Z - [REQUEST]: Responding to the client. recordOutputsHash
[NX Daemon Server] - 2024-06-07T07:03:49.511Z - Done responding to the client recordOutputsHash
[NX Daemon Server] - 2024-06-07T07:03:49.511Z - Handled RECORD_OUTPUTS_HASH. Handling time: 0. Response time: 1.
[NX Daemon Server] - 2024-06-07T07:03:52.166Z - [WATCHER]: Processing file changes in outputs
[NX Daemon Server] - 2024-06-07T07:03:52.230Z - [WATCHER]: Processing file changes in outputs
[NX Daemon Server] - 2024-06-07T07:03:52.381Z - [REQUEST]: Responding to the client. recordOutputsHash
[NX Daemon Server] - 2024-06-07T07:03:52.382Z - Done responding to the client recordOutputsHash
[NX Daemon Server] - 2024-06-07T07:03:52.382Z - Handled RECORD_OUTPUTS_HASH. Handling time: 0. Response time: 1.
[NX Daemon Server] - 2024-06-07T07:03:56.860Z - [WATCHER]: Processing file changes in outputs
[NX Daemon Server] - 2024-06-07T07:03:59.179Z - [WATCHER]: Processing file changes in outputs
[NX Daemon Server] - 2024-06-07T07:03:59.316Z - [REQUEST]: Responding to the client. recordOutputsHash
[NX Daemon Server] - 2024-06-07T07:03:59.316Z - Done responding to the client recordOutputsHash
[NX Daemon Server] - 2024-06-07T07:03:59.316Z - Handled RECORD_OUTPUTS_HASH. Handling time: 0. Response time: 0.
[NX Daemon Server] - 2024-06-07T07:04:12.737Z - [WATCHER]: Processing file changes in outputs
[NX Daemon Server] - 2024-06-07T07:04:12.962Z - [WATCHER]: Processing file changes in outputs
[NX Daemon Server] - 2024-06-07T07:04:13.025Z - [WATCHER]: Processing file changes in outputs
[NX Daemon Server] - 2024-06-07T07:04:21.000Z - [WATCHER]: Processing file changes in outputs
[NX Daemon Server] - 2024-06-07T07:04:21.063Z - [WATCHER]: Processing file changes in outputs
[NX Daemon Server] - 2024-06-07T07:04:21.115Z - [WATCHER]: Processing file changes in outputs
[NX Daemon Server] - 2024-06-07T07:04:21.271Z - [WATCHER]: Processing file changes in outputs
[NX Daemon Server] - 2024-06-07T07:04:25.267Z - [WATCHER]: Processing file changes in outputs
[NX Daemon Server] - 2024-06-07T07:04:28.139Z - [WATCHER]: Processing file changes in outputs
[NX Daemon Server] - 2024-06-07T07:04:28.202Z - [WATCHER]: Processing file changes in outputs
[NX Daemon Server] - 2024-06-07T07:04:28.278Z - [WATCHER]: Processing file changes in outputs
[NX Daemon Server] - 2024-06-07T07:04:28.334Z - [WATCHER]: Processing file changes in outputs
[NX Daemon Server] - 2024-06-07T07:04:28.400Z - [WATCHER]: Processing file changes in outputs
[NX Daemon Server] - 2024-06-07T07:04:28.702Z - [REQUEST]: Responding to the client. recordOutputsHash
[NX Daemon Server] - 2024-06-07T07:04:28.702Z - Done responding to the client recordOutputsHash
[NX Daemon Server] - 2024-06-07T07:04:28.703Z - Handled RECORD_OUTPUTS_HASH. Handling time: 0. Response time: 1.
[NX Daemon Server] - 2024-06-07T07:04:30.427Z - [REQUEST]: Responding to the client. recordOutputsHash
[NX Daemon Server] - 2024-06-07T07:04:30.427Z - Done responding to the client recordOutputsHash
[NX Daemon Server] - 2024-06-07T07:04:30.427Z - Handled RECORD_OUTPUTS_HASH. Handling time: 0. Response time: 0.
[NX Daemon Server] - 2024-06-07T07:04:42.607Z - [WATCHER]: Processing file changes in outputs
[NX Daemon Server] - 2024-06-07T07:04:44.418Z - [WATCHER]: Processing file changes in outputs
[NX Daemon Server] - 2024-06-07T07:04:44.489Z - [WATCHER]: Processing file changes in outputs
[NX Daemon Server] - 2024-06-07T07:04:44.547Z - [WATCHER]: Processing file changes in outputs
[NX Daemon Server] - 2024-06-07T07:04:45.329Z - [WATCHER]: Processing file changes in outputs
[NX Daemon Server] - 2024-06-07T07:04:45.402Z - [REQUEST]: Responding to the client. recordOutputsHash
[NX Daemon Server] - 2024-06-07T07:04:45.402Z - Done responding to the client recordOutputsHash
[NX Daemon Server] - 2024-06-07T07:04:45.403Z - Handled RECORD_OUTPUTS_HASH. Handling time: 0. Response time: 1.
[NX Daemon Server] - 2024-06-07T07:04:49.281Z - [WATCHER]: Processing file changes in outputs
[NX Daemon Server] - 2024-06-07T07:04:49.347Z - [REQUEST]: Responding to the client. recordOutputsHash
[NX Daemon Server] - 2024-06-07T07:04:49.347Z - Done responding to the client recordOutputsHash
[NX Daemon Server] - 2024-06-07T07:04:49.347Z - Handled RECORD_OUTPUTS_HASH. Handling time: 0. Response time: 1.
[NX Daemon Server] - 2024-06-07T07:04:52.967Z - [WATCHER]: Processing file changes in outputs
[NX Daemon Server] - 2024-06-07T07:04:53.055Z - [REQUEST]: Responding to the client. recordOutputsHash
[NX Daemon Server] - 2024-06-07T07:04:53.055Z - Done responding to the client recordOutputsHash
[NX Daemon Server] - 2024-06-07T07:04:53.055Z - Handled RECORD_OUTPUTS_HASH. Handling time: 1. Response time: 0.
[NX Daemon Server] - 2024-06-07T07:05:02.029Z - [WATCHER]: Processing file changes in outputs
[NX Daemon Server] - 2024-06-07T07:05:07.050Z - [WATCHER]: Processing file changes in outputs
[NX Daemon Server] - 2024-06-07T07:05:07.160Z - [WATCHER]: Processing file changes in outputs
[NX Daemon Server] - 2024-06-07T07:05:08.492Z - [WATCHER]: Processing file changes in outputs
[NX Daemon Server] - 2024-06-07T07:05:08.571Z - [REQUEST]: Responding to the client. recordOutputsHash
[NX Daemon Server] - 2024-06-07T07:05:08.572Z - Done responding to the client recordOutputsHash
[NX Daemon Server] - 2024-06-07T07:05:08.572Z - Handled RECORD_OUTPUTS_HASH. Handling time: 0. Response time: 1.
[NX Daemon Server] - 2024-06-07T07:05:09.720Z - [REQUEST]: Responding to the client. recordOutputsHash
[NX Daemon Server] - 2024-06-07T07:05:09.721Z - Done responding to the client recordOutputsHash
[NX Daemon Server] - 2024-06-07T07:05:09.721Z - Handled RECORD_OUTPUTS_HASH. Handling time: 0. Response time: 1.
[NX Daemon Server] - 2024-06-07T07:05:11.878Z - [WATCHER]: Processing file changes in outputs
[NX Daemon Server] - 2024-06-07T07:05:11.974Z - [WATCHER]: Processing file changes in outputs
[NX Daemon Server] - 2024-06-07T07:05:12.254Z - [REQUEST]: Responding to the client. recordOutputsHash
[NX Daemon Server] - 2024-06-07T07:05:12.254Z - Done responding to the client recordOutputsHash
[NX Daemon Server] - 2024-06-07T07:05:12.255Z - Handled RECORD_OUTPUTS_HASH. Handling time: 0. Response time: 1.
[NX Daemon Server] - 2024-06-07T07:05:14.726Z - [WATCHER]: 5 file(s) created or restored, 0 file(s) modified, 0 file(s) deleted
[NX Daemon Server] - 2024-06-07T07:05:14.727Z - [WATCHER]: Processing file changes in outputs
[NX Daemon Server] - 2024-06-07T07:05:14.796Z - [WATCHER]: Processing file changes in outputs
[NX Daemon Server] - 2024-06-07T07:05:14.831Z - [REQUEST]: Updated workspace context based on watched changes, recomputing project graph...
[NX Daemon Server] - 2024-06-07T07:05:14.831Z - [REQUEST]: packages/acs-client/lib/config.js.map,packages/acs-client/lib/config.d.ts,packages/acs-client/lib/acs/interfaces.js.map,packages/acs-client/lib/config.js,packages/acs-client/lib/acs/interfaces.js
[NX Daemon Server] - 2024-06-07T07:05:14.831Z - [REQUEST]: 
[NX Daemon Server] - 2024-06-07T07:05:15.035Z - [WATCHER]: Processing file changes in outputs
[NX Daemon Server] - 2024-06-07T07:05:15.036Z - [WATCHER]: Processing file changes in outputs
[NX Daemon Server] - 2024-06-07T07:05:15.036Z - Time taken for 'hash changed files from watcher' 2.65291000000434ms
[NX Daemon Server] - 2024-06-07T07:05:15.086Z - [WATCHER]: Processing file changes in outputs
[NX Daemon Server] - 2024-06-07T07:05:15.361Z - [WATCHER]: Processing file changes in outputs
[NX Daemon Server] - 2024-06-07T07:05:15.413Z - [WATCHER]: Processing file changes in outputs
[NX Daemon Server] - 2024-06-07T07:05:15.469Z - [WATCHER]: Processing file changes in outputs
[NX Daemon Server] - 2024-06-07T07:05:32.595Z - [WATCHER]: Processing file changes in outputs
[NX Daemon Server] - 2024-06-07T07:05:32.679Z - [WATCHER]: Processing file changes in outputs
[NX Daemon Server] - 2024-06-07T07:05:32.897Z - [REQUEST]: Responding to the client. recordOutputsHash
[NX Daemon Server] - 2024-06-07T07:05:32.897Z - Done responding to the client recordOutputsHash
[NX Daemon Server] - 2024-06-07T07:05:32.898Z - Handled RECORD_OUTPUTS_HASH. Handling time: 0. Response time: 1.
[NX Daemon Server] - 2024-06-07T07:05:45.798Z - [WATCHER]: Processing file changes in outputs
[NX Daemon Server] - 2024-06-07T07:05:45.799Z - [WATCHER]: 2 file(s) created or restored, 0 file(s) modified, 0 file(s) deleted
[NX Daemon Server] - 2024-06-07T07:05:45.902Z - [REQUEST]: Updated workspace context based on watched changes, recomputing project graph...
[NX Daemon Server] - 2024-06-07T07:05:45.903Z - [REQUEST]: packages/mailer/lib/index.js,packages/mailer/lib/index.d.ts
[NX Daemon Server] - 2024-06-07T07:05:45.903Z - [REQUEST]: 
[NX Daemon Server] - 2024-06-07T07:05:46.082Z - Time taken for 'hash changed files from watcher' 2.3558130000019446ms
[NX Daemon Server] - 2024-06-07T07:05:48.598Z - [WATCHER]: Processing file changes in outputs
[NX Daemon Server] - 2024-06-07T07:05:48.688Z - [REQUEST]: Responding to the client. recordOutputsHash
[NX Daemon Server] - 2024-06-07T07:05:48.688Z - Done responding to the client recordOutputsHash
[NX Daemon Server] - 2024-06-07T07:05:48.689Z - Handled RECORD_OUTPUTS_HASH. Handling time: 0. Response time: 1.
[NX Daemon Server] - 2024-06-07T07:05:57.321Z - [WATCHER]: Processing file changes in outputs
[NX Daemon Server] - 2024-06-07T07:05:57.420Z - [REQUEST]: Responding to the client. recordOutputsHash
[NX Daemon Server] - 2024-06-07T07:05:57.420Z - Done responding to the client recordOutputsHash
[NX Daemon Server] - 2024-06-07T07:05:57.420Z - Handled RECORD_OUTPUTS_HASH. Handling time: 1. Response time: 0.
[NX Daemon Server] - 2024-06-07T07:06:05.752Z - [WATCHER]: Processing file changes in outputs
[NX Daemon Server] - 2024-06-07T07:06:05.808Z - [WATCHER]: Processing file changes in outputs
[NX Daemon Server] - 2024-06-07T07:06:05.863Z - [WATCHER]: Processing file changes in outputs
[NX Daemon Server] - 2024-06-07T07:06:05.918Z - [WATCHER]: Processing file changes in outputs
[NX Daemon Server] - 2024-06-07T07:06:05.972Z - [WATCHER]: Processing file changes in outputs
[NX Daemon Server] - 2024-06-07T07:06:06.209Z - [REQUEST]: Responding to the client. recordOutputsHash
[NX Daemon Server] - 2024-06-07T07:06:06.209Z - Done responding to the client recordOutputsHash
[NX Daemon Server] - 2024-06-07T07:06:06.210Z - Handled RECORD_OUTPUTS_HASH. Handling time: 0. Response time: 1.
[NX Daemon Server] - 2024-06-07T07:06:29.427Z - [WATCHER]: Processing file changes in outputs
[NX Daemon Server] - 2024-06-07T07:06:29.520Z - [WATCHER]: Processing file changes in outputs
[NX Daemon Server] - 2024-06-07T07:06:29.893Z - [REQUEST]: Responding to the client. recordOutputsHash
[NX Daemon Server] - 2024-06-07T07:06:29.893Z - Done responding to the client recordOutputsHash
[NX Daemon Server] - 2024-06-07T07:06:29.893Z - Handled RECORD_OUTPUTS_HASH. Handling time: 0. Response time: 0.
[NX Daemon Server] - 2024-06-07T07:06:29.924Z - Closed a connection. Number of open connections: 0
[NX Daemon Server] - 2024-06-07T08:27:11.672Z - [WATCHER]: DEVELOPMENT.md was modified
[NX Daemon Server] - 2024-06-07T08:27:11.673Z - [WATCHER]: Processing file changes in outputs
[NX Daemon Server] - 2024-06-07T08:27:11.877Z - [REQUEST]: Updated workspace context based on watched changes, recomputing project graph...
[NX Daemon Server] - 2024-06-07T08:27:11.878Z - [REQUEST]: DEVELOPMENT.md
[NX Daemon Server] - 2024-06-07T08:27:11.878Z - [REQUEST]: 
[NX Daemon Server] - 2024-06-07T08:27:12.057Z - Time taken for 'hash changed files from watcher' 3.2383520007133484ms
[NX Daemon Server] - 2024-06-07T08:27:16.007Z - [WATCHER]: DEVELOPMENT.md was modified
[NX Daemon Server] - 2024-06-07T08:27:16.007Z - [WATCHER]: Processing file changes in outputs
[NX Daemon Server] - 2024-06-07T08:27:16.409Z - [REQUEST]: Updated workspace context based on watched changes, recomputing project graph...
[NX Daemon Server] - 2024-06-07T08:27:16.409Z - [REQUEST]: DEVELOPMENT.md
[NX Daemon Server] - 2024-06-07T08:27:16.409Z - [REQUEST]: 
[NX Daemon Server] - 2024-06-07T08:27:16.560Z - Time taken for 'hash changed files from watcher' 2.0984040005132556ms
[NX Daemon Server] - 2024-06-07T08:53:51.415Z - [WATCHER]: DEVELOPMENT.md was modified
[NX Daemon Server] - 2024-06-07T08:53:51.416Z - [WATCHER]: Processing file changes in outputs
[NX Daemon Server] - 2024-06-07T08:53:52.220Z - [REQUEST]: Updated workspace context based on watched changes, recomputing project graph...
[NX Daemon Server] - 2024-06-07T08:53:52.220Z - [REQUEST]: DEVELOPMENT.md
[NX Daemon Server] - 2024-06-07T08:53:52.220Z - [REQUEST]: 
[NX Daemon Server] - 2024-06-07T08:53:52.502Z - Time taken for 'hash changed files from watcher' 2.910946000367403ms
[NX Daemon Server] - 2024-06-07T08:57:40.837Z - [WATCHER]: DEVELOPMENT.md was modified
[NX Daemon Server] - 2024-06-07T08:57:40.838Z - [WATCHER]: Processing file changes in outputs
[NX Daemon Server] - 2024-06-07T08:57:42.444Z - [REQUEST]: Updated workspace context based on watched changes, recomputing project graph...
[NX Daemon Server] - 2024-06-07T08:57:42.444Z - [REQUEST]: DEVELOPMENT.md
[NX Daemon Server] - 2024-06-07T08:57:42.444Z - [REQUEST]: 
[NX Daemon Server] - 2024-06-07T08:57:42.641Z - Time taken for 'hash changed files from watcher' 4.110971000045538ms
